#TYPE System.IO.FileInfo
"PSPath","PSParentPath","PSChildName","PSDrive","PSProvider","PSIsContainer","Mode","VersionInfo","BaseName","Target","LinkType","Name","Length","DirectoryName","Directory","IsReadOnly","Exists","FullName","Extension","CreationTime","CreationTimeUtc","LastAccessTime","LastAccessTimeUtc","LastWriteTime","LastWriteTimeUtc","Attributes"
"Microsoft.PowerShell.Core\FileSystem::C:\Users\champuser\SYS-320\week2\deliverable1.ps1","Microsoft.PowerShell.Core\FileSystem::C:\Users\champuser\SYS-320\week2","deliverable1.ps1","C","Microsoft.PowerShell.Core\FileSystem","False","-a----","File:             C:\Users\champuser\SYS-320\week2\deliverable1.ps1
InternalName:     
OriginalFilename: 
FileVersion:      
FileDescription:  
Product:          
ProductVersion:   
Debug:            False
Patched:          False
PreRelease:       False
PrivateBuild:     False
SpecialBuild:     False
Language:         
","deliverable1","System.Collections.Generic.List`1[System.String]",,"deliverable1.ps1","163","C:\Users\champuser\SYS-320\week2","C:\Users\champuser\SYS-320\week2","False","True","C:\Users\champuser\SYS-320\week2\deliverable1.ps1",".ps1","9/1/2025 10:40:52 AM","9/1/2025 2:40:52 PM","9/1/2025 11:14:29 AM","9/1/2025 3:14:29 PM","9/1/2025 11:14:29 AM","9/1/2025 3:14:29 PM","Archive"
"Microsoft.PowerShell.Core\FileSystem::C:\Users\champuser\SYS-320\week2\deliverable10.ps1","Microsoft.PowerShell.Core\FileSystem::C:\Users\champuser\SYS-320\week2","deliverable10.ps1","C","Microsoft.PowerShell.Core\FileSystem","False","-a----","File:             C:\Users\champuser\SYS-320\week2\deliverable10.ps1
InternalName:     
OriginalFilename: 
FileVersion:      
FileDescription:  
Product:          
ProductVersion:   
Debug:            False
Patched:          False
PreRelease:       False
PrivateBuild:     False
SpecialBuild:     False
Language:         
","deliverable10","System.Collections.Generic.List`1[System.String]",,"deliverable10.ps1","317","C:\Users\champuser\SYS-320\week2","C:\Users\champuser\SYS-320\week2","False","True","C:\Users\champuser\SYS-320\week2\deliverable10.ps1",".ps1","9/1/2025 11:42:39 AM","9/1/2025 3:42:39 PM","9/1/2025 11:42:39 AM","9/1/2025 3:42:39 PM","9/1/2025 11:42:39 AM","9/1/2025 3:42:39 PM","Archive"
"Microsoft.PowerShell.Core\FileSystem::C:\Users\champuser\SYS-320\week2\deliverable2.ps1","Microsoft.PowerShell.Core\FileSystem::C:\Users\champuser\SYS-320\week2","deliverable2.ps1","C","Microsoft.PowerShell.Core\FileSystem","False","-a----","File:             C:\Users\champuser\SYS-320\week2\deliverable2.ps1
InternalName:     
OriginalFilename: 
FileVersion:      
FileDescription:  
Product:          
ProductVersion:   
Debug:            False
Patched:          False
PreRelease:       False
PrivateBuild:     False
SpecialBuild:     False
Language:         
","deliverable2","System.Collections.Generic.List`1[System.String]",,"deliverable2.ps1","178","C:\Users\champuser\SYS-320\week2","C:\Users\champuser\SYS-320\week2","False","True","C:\Users\champuser\SYS-320\week2\deliverable2.ps1",".ps1","9/1/2025 11:14:24 AM","9/1/2025 3:14:24 PM","9/1/2025 11:15:39 AM","9/1/2025 3:15:39 PM","9/1/2025 11:15:39 AM","9/1/2025 3:15:39 PM","Archive"
"Microsoft.PowerShell.Core\FileSystem::C:\Users\champuser\SYS-320\week2\deliverable3,4.ps1","Microsoft.PowerShell.Core\FileSystem::C:\Users\champuser\SYS-320\week2","deliverable3,4.ps1","C","Microsoft.PowerShell.Core\FileSystem","False","-a----","File:             C:\Users\champuser\SYS-320\week2\deliverable3,4.ps1
InternalName:     
OriginalFilename: 
FileVersion:      
FileDescription:  
Product:          
ProductVersion:   
Debug:            False
Patched:          False
PreRelease:       False
PrivateBuild:     False
SpecialBuild:     False
Language:         
","deliverable3,4","System.Collections.Generic.List`1[System.String]",,"deliverable3,4.ps1","182","C:\Users\champuser\SYS-320\week2","C:\Users\champuser\SYS-320\week2","False","True","C:\Users\champuser\SYS-320\week2\deliverable3,4.ps1",".ps1","9/1/2025 11:20:32 AM","9/1/2025 3:20:32 PM","9/1/2025 11:20:32 AM","9/1/2025 3:20:32 PM","9/1/2025 11:20:32 AM","9/1/2025 3:20:32 PM","Archive"
"Microsoft.PowerShell.Core\FileSystem::C:\Users\champuser\SYS-320\week2\deliverable5,6.ps1","Microsoft.PowerShell.Core\FileSystem::C:\Users\champuser\SYS-320\week2","deliverable5,6.ps1","C","Microsoft.PowerShell.Core\FileSystem","False","-a----","File:             C:\Users\champuser\SYS-320\week2\deliverable5,6.ps1
InternalName:     
OriginalFilename: 
FileVersion:      
FileDescription:  
Product:          
ProductVersion:   
Debug:            False
Patched:          False
PreRelease:       False
PrivateBuild:     False
SpecialBuild:     False
Language:         
","deliverable5,6","System.Collections.Generic.List`1[System.String]",,"deliverable5,6.ps1","198","C:\Users\champuser\SYS-320\week2","C:\Users\champuser\SYS-320\week2","False","True","C:\Users\champuser\SYS-320\week2\deliverable5,6.ps1",".ps1","9/1/2025 11:24:14 AM","9/1/2025 3:24:14 PM","9/1/2025 11:26:01 AM","9/1/2025 3:26:01 PM","9/1/2025 11:26:01 AM","9/1/2025 3:26:01 PM","Archive"
"Microsoft.PowerShell.Core\FileSystem::C:\Users\champuser\SYS-320\week2\deliverable7.ps1","Microsoft.PowerShell.Core\FileSystem::C:\Users\champuser\SYS-320\week2","deliverable7.ps1","C","Microsoft.PowerShell.Core\FileSystem","False","-a----","File:             C:\Users\champuser\SYS-320\week2\deliverable7.ps1
InternalName:     
OriginalFilename: 
FileVersion:      
FileDescription:  
Product:          
ProductVersion:   
Debug:            False
Patched:          False
PreRelease:       False
PrivateBuild:     False
SpecialBuild:     False
Language:         
","deliverable7","System.Collections.Generic.List`1[System.String]",,"deliverable7.ps1","161","C:\Users\champuser\SYS-320\week2","C:\Users\champuser\SYS-320\week2","False","True","C:\Users\champuser\SYS-320\week2\deliverable7.ps1",".ps1","9/1/2025 11:28:11 AM","9/1/2025 3:28:11 PM","9/1/2025 11:28:11 AM","9/1/2025 3:28:11 PM","9/1/2025 11:28:11 AM","9/1/2025 3:28:11 PM","Archive"
"Microsoft.PowerShell.Core\FileSystem::C:\Users\champuser\SYS-320\week2\deliverable8.ps1","Microsoft.PowerShell.Core\FileSystem::C:\Users\champuser\SYS-320\week2","deliverable8.ps1","C","Microsoft.PowerShell.Core\FileSystem","False","-a----","File:             C:\Users\champuser\SYS-320\week2\deliverable8.ps1
InternalName:     
OriginalFilename: 
FileVersion:      
FileDescription:  
Product:          
ProductVersion:   
Debug:            False
Patched:          False
PreRelease:       False
PrivateBuild:     False
SpecialBuild:     False
Language:         
","deliverable8","System.Collections.Generic.List`1[System.String]",,"deliverable8.ps1","295","C:\Users\champuser\SYS-320\week2","C:\Users\champuser\SYS-320\week2","False","True","C:\Users\champuser\SYS-320\week2\deliverable8.ps1",".ps1","9/1/2025 11:31:33 AM","9/1/2025 3:31:33 PM","9/1/2025 11:31:33 AM","9/1/2025 3:31:33 PM","9/1/2025 11:31:33 AM","9/1/2025 3:31:33 PM","Archive"
"Microsoft.PowerShell.Core\FileSystem::C:\Users\champuser\SYS-320\week2\deliverable9.ps1","Microsoft.PowerShell.Core\FileSystem::C:\Users\champuser\SYS-320\week2","deliverable9.ps1","C","Microsoft.PowerShell.Core\FileSystem","False","-a----","File:             C:\Users\champuser\SYS-320\week2\deliverable9.ps1
InternalName:     
OriginalFilename: 
FileVersion:      
FileDescription:  
Product:          
ProductVersion:   
Debug:            False
Patched:          False
PreRelease:       False
PrivateBuild:     False
SpecialBuild:     False
Language:         
","deliverable9","System.Collections.Generic.List`1[System.String]",,"deliverable9.ps1","229","C:\Users\champuser\SYS-320\week2","C:\Users\champuser\SYS-320\week2","False","True","C:\Users\champuser\SYS-320\week2\deliverable9.ps1",".ps1","9/1/2025 11:37:22 AM","9/1/2025 3:37:22 PM","9/1/2025 11:37:22 AM","9/1/2025 3:37:22 PM","9/1/2025 11:37:22 AM","9/1/2025 3:37:22 PM","Archive"
